[06/11/2025 14:39:15,68] - Criar pasta "C:\GestorArquivos\Logs" - Sucesso 
[06/11/2025 14:39:15,70] - Criar pasta "C:\GestorArquivos\Backups" - Sucesso 
[06/11/2025 14:39:15,75] - Criar relatorio.txt - Sucesso 
[06/11/2025 14:39:15,79] - Criar dados.csv - Sucesso 
[06/11/2025 14:39:15,83] - Criar config.ini - Sucesso 
[06/11/2025 14:39:15,95] - Backup de arquivos - Sucesso 
[06/11/2025 14:39:15,98] - Criar backup_completo.bak - Sucesso 
[06/11/2025 14:39:16,03] - Criar resumo_execucao.txt - Sucesso 
[06/11/2025 14:39:18,74] - Início do script - Sucesso 
[06/11/2025 14:39:18,77] - Criar pasta "C:\GestorArquivos" - Já existia 
[06/11/2025 14:39:18,80] - Criar pasta "C:\GestorArquivos\Documentos" - Já existia 
[06/11/2025 14:39:18,84] - Criar pasta "C:\GestorArquivos\Logs" - Já existia 
[06/11/2025 14:39:18,88] - Criar pasta "C:\GestorArquivos\Backups" - Já existia 
[06/11/2025 14:39:18,93] - Criar relatorio.txt - Sucesso 
[06/11/2025 14:39:18,97] - Criar dados.csv - Sucesso 
[06/11/2025 14:39:19,01] - Criar config.ini - Sucesso 
[06/11/2025 14:39:19,10] - Backup de arquivos - Sucesso 
[06/11/2025 14:39:19,13] - Criar backup_completo.bak - Sucesso 
[06/11/2025 14:39:19,17] - Criar resumo_execucao.txt - Sucesso 
[06/11/2025 14:39:20,91] - Início do script - Sucesso 
[06/11/2025 14:39:20,94] - Criar pasta "C:\GestorArquivos" - Já existia 
[06/11/2025 14:39:20,99] - Criar pasta "C:\GestorArquivos\Documentos" - Já existia 
[06/11/2025 14:39:21,03] - Criar pasta "C:\GestorArquivos\Logs" - Já existia 
[06/11/2025 14:39:21,07] - Criar pasta "C:\GestorArquivos\Backups" - Já existia 
[06/11/2025 14:39:21,12] - Criar relatorio.txt - Sucesso 
[06/11/2025 14:39:21,15] - Criar dados.csv - Sucesso 
[06/11/2025 14:39:21,18] - Criar config.ini - Sucesso 
[06/11/2025 14:39:21,27] - Backup de arquivos - Sucesso 
[06/11/2025 14:39:21,30] - Criar backup_completo.bak - Sucesso 
[06/11/2025 14:39:21,34] - Criar resumo_execucao.txt - Sucesso 
[06/11/2025 14:40:02,50] - Início do script - Sucesso 
[06/11/2025 14:40:02,52] - Criar pasta "C:\GestorArquivos" - Já existia 
[06/11/2025 14:40:02,57] - Criar pasta "C:\GestorArquivos\Documentos" - Já existia 
[06/11/2025 14:40:02,60] - Criar pasta "C:\GestorArquivos\Logs" - Já existia 
[06/11/2025 14:40:02,65] - Criar pasta "C:\GestorArquivos\Backups" - Já existia 
[06/11/2025 14:40:02,69] - Criar relatorio.txt - Sucesso 
[06/11/2025 14:40:02,73] - Criar dados.csv - Sucesso 
[06/11/2025 14:40:02,77] - Criar config.ini - Sucesso 
[06/11/2025 14:40:02,87] - Backup de arquivos - Sucesso 
[06/11/2025 14:40:02,90] - Criar backup_completo.bak - Sucesso 
[06/11/2025 14:40:02,95] - Criar resumo_execucao.txt - Sucesso 
[06/11/2025 14:41:26,66] - Início do script - Sucesso 
[06/11/2025 14:41:26,68] - Criar pasta "C:\GestorArquivos" - Já existia 
[06/11/2025 14:41:26,72] - Criar pasta "C:\GestorArquivos\Documentos" - Já existia 
[06/11/2025 14:41:26,77] - Criar pasta "C:\GestorArquivos\Logs" - Já existia 
[06/11/2025 14:41:26,80] - Criar pasta "C:\GestorArquivos\Backups" - Já existia 
[06/11/2025 14:41:26,85] - Criar relatorio.txt - Sucesso 
[06/11/2025 14:41:26,88] - Criar dados.csv - Sucesso 
[06/11/2025 14:41:26,92] - Criar config.ini - Sucesso 
[06/11/2025 14:41:27,02] - Backup de arquivos - Sucesso 
[06/11/2025 14:41:27,06] - Criar backup_completo.bak - Sucesso 
[06/11/2025 14:41:27,11] - Criar resumo_execucao.txt - Sucesso 
[06/11/2025 14:43:31,77] - Início do script - Sucesso 
[06/11/2025 14:43:31,79] - Criar pasta "C:\GestorArquivos" - Já existia 
[06/11/2025 14:43:31,84] - Criar pasta "C:\GestorArquivos\Documentos" - Já existia 
[06/11/2025 14:43:31,87] - Criar pasta "C:\GestorArquivos\Logs" - Já existia 
[06/11/2025 14:43:31,91] - Criar pasta "C:\GestorArquivos\Backups" - Já existia 
[06/11/2025 14:43:31,95] - Criar relatorio.txt - Sucesso 
[06/11/2025 14:43:31,99] - Criar dados.csv - Sucesso 
[06/11/2025 14:43:32,02] - Criar config.ini - Sucesso 
[06/11/2025 14:43:32,12] - Backup de arquivos - Sucesso 
[06/11/2025 14:43:32,14] - Criar backup_completo.bak - Sucesso 
[06/11/2025 14:43:32,19] - Criar resumo_execucao.txt - Sucesso 
[06/11/2025 14:43:52,73] - Início do script - Sucesso 
[06/11/2025 14:43:52,75] - Criar pasta "C:\GestorArquivos" - Já existia 
[06/11/2025 14:43:52,80] - Criar pasta "C:\GestorArquivos\Documentos" - Já existia 
[06/11/2025 14:43:52,83] - Criar pasta "C:\GestorArquivos\Logs" - Já existia 
[06/11/2025 14:43:52,88] - Criar pasta "C:\GestorArquivos\Backups" - Já existia 
[06/11/2025 14:43:52,92] - Criar relatorio.txt - Sucesso 
[06/11/2025 14:43:52,96] - Criar dados.csv - Sucesso 
[06/11/2025 14:43:53,00] - Criar config.ini - Sucesso 
[06/11/2025 14:43:53,09] - Backup de arquivos - Sucesso 
[06/11/2025 14:43:53,12] - Criar backup_completo.bak - Sucesso 
[06/11/2025 14:43:53,17] - Criar resumo_execucao.txt - Sucesso 
[06/11/2025 14:43:55,87] - Início do script - Sucesso 
[06/11/2025 14:43:55,88] - Criar pasta "C:\GestorArquivos" - Já existia 
[06/11/2025 14:43:55,93] - Criar pasta "C:\GestorArquivos\Documentos" - Já existia 
[06/11/2025 14:43:55,96] - Criar pasta "C:\GestorArquivos\Logs" - Já existia 
[06/11/2025 14:43:56,01] - Criar pasta "C:\GestorArquivos\Backups" - Já existia 
[06/11/2025 14:43:56,05] - Criar relatorio.txt - Sucesso 
[06/11/2025 14:43:56,08] - Criar dados.csv - Sucesso 
[06/11/2025 14:43:56,12] - Criar config.ini - Sucesso 
[06/11/2025 14:43:56,21] - Backup de arquivos - Sucesso 
[06/11/2025 14:43:56,25] - Criar backup_completo.bak - Sucesso 
[06/11/2025 14:43:56,29] - Criar resumo_execucao.txt - Sucesso 
[06/11/2025 14:43:57,28] - Início do script - Sucesso 
[06/11/2025 14:43:57,30] - Criar pasta "C:\GestorArquivos" - Já existia 
[06/11/2025 14:43:57,35] - Criar pasta "C:\GestorArquivos\Documentos" - Já existia 
[06/11/2025 14:43:57,39] - Criar pasta "C:\GestorArquivos\Logs" - Já existia 
[06/11/2025 14:43:57,43] - Criar pasta "C:\GestorArquivos\Backups" - Já existia 
[06/11/2025 14:43:57,48] - Criar relatorio.txt - Sucesso 
[06/11/2025 14:43:57,51] - Criar dados.csv - Sucesso 
[06/11/2025 14:43:57,55] - Criar config.ini - Sucesso 
[06/11/2025 14:43:57,64] - Backup de arquivos - Sucesso 
[06/11/2025 14:43:57,66] - Criar backup_completo.bak - Sucesso 
[06/11/2025 14:43:57,72] - Criar resumo_execucao.txt - Sucesso 
[06/11/2025 14:43:58,68] - Início do script - Sucesso 
[06/11/2025 14:43:58,70] - Criar pasta "C:\GestorArquivos" - Já existia 
[06/11/2025 14:43:58,75] - Criar pasta "C:\GestorArquivos\Documentos" - Já existia 
[06/11/2025 14:43:58,81] - Criar pasta "C:\GestorArquivos\Logs" - Já existia 
[06/11/2025 14:43:58,84] - Criar pasta "C:\GestorArquivos\Backups" - Já existia 
[06/11/2025 14:43:58,89] - Criar relatorio.txt - Sucesso 
[06/11/2025 14:43:58,93] - Criar dados.csv - Sucesso 
[06/11/2025 14:43:58,96] - Criar config.ini - Sucesso 
[06/11/2025 14:43:59,06] - Backup de arquivos - Sucesso 
[06/11/2025 14:43:59,08] - Criar backup_completo.bak - Sucesso 
[06/11/2025 14:43:59,13] - Criar resumo_execucao.txt - Sucesso 
[06/11/2025 14:46:16,07] - Início do script - Sucesso 
[06/11/2025 14:46:16,10] - Criar pasta "C:\GestorArquivos" - Já existia 
[06/11/2025 14:46:16,13] - Criar pasta "C:\GestorArquivos\Documentos" - Já existia 
[06/11/2025 14:46:16,18] - Criar pasta "C:\GestorArquivos\Logs" - Já existia 
[06/11/2025 14:46:16,22] - Criar pasta "C:\GestorArquivos\Backups" - Já existia 
[06/11/2025 14:46:16,27] - Criar relatorio.txt - Sucesso 
[06/11/2025 14:46:16,30] - Criar dados.csv - Sucesso 
[06/11/2025 14:46:16,35] - Criar config.ini - Sucesso 
[06/11/2025 14:46:16,46] - Backup de arquivos - Sucesso 
[06/11/2025 14:46:16,48] - Criar backup_completo.bak - Sucesso 
[06/11/2025 14:46:16,53] - Criar resumo_execucao.txt - Sucesso 
[06/11/2025 14:46:17,60] - Início do script - Sucesso 
[06/11/2025 14:46:17,62] - Criar pasta "C:\GestorArquivos" - Já existia 
[06/11/2025 14:46:17,66] - Criar pasta "C:\GestorArquivos\Documentos" - Já existia 
[06/11/2025 14:46:17,70] - Criar pasta "C:\GestorArquivos\Logs" - Já existia 
[06/11/2025 14:46:17,75] - Criar pasta "C:\GestorArquivos\Backups" - Já existia 
[06/11/2025 14:46:17,80] - Criar relatorio.txt - Sucesso 
[06/11/2025 14:46:17,84] - Criar dados.csv - Sucesso 
[06/11/2025 14:46:17,88] - Criar config.ini - Sucesso 
[06/11/2025 14:46:17,98] - Backup de arquivos - Sucesso 
[06/11/2025 14:46:18,00] - Criar backup_completo.bak - Sucesso 
[06/11/2025 14:46:18,05] - Criar resumo_execucao.txt - Sucesso 
[06/11/2025 14:51:41,58] - Início do script - Sucesso 
[06/11/2025 14:51:41,61] - Criar pasta "C:\GestorArquivos" - Já existia 
[06/11/2025 14:51:41,65] - Criar pasta "C:\GestorArquivos\Documentos" - Já existia 
[06/11/2025 14:51:41,69] - Criar pasta "C:\GestorArquivos\Logs" - Já existia 
[06/11/2025 14:51:41,73] - Criar pasta "C:\GestorArquivos\Backups" - Já existia 
[06/11/2025 14:51:41,77] - Criar relatorio.txt - Sucesso 
[06/11/2025 14:51:41,82] - Criar dados.csv - Sucesso 
[06/11/2025 14:51:41,85] - Criar config.ini - Sucesso 
[06/11/2025 14:51:41,95] - Backup de arquivos - Sucesso 
[06/11/2025 14:51:41,98] - Criar backup_completo.bak - Sucesso 
[06/11/2025 14:51:42,02] - Criar resumo_execucao.txt - Sucesso 
[06/11/2025 14:51:46,73] - Início do script - Sucesso 
[06/11/2025 14:51:46,75] - Criar pasta "C:\GestorArquivos" - Já existia 
[06/11/2025 14:51:46,80] - Criar pasta "C:\GestorArquivos\Documentos" - Já existia 
[06/11/2025 14:51:46,83] - Criar pasta "C:\GestorArquivos\Logs" - Já existia 
[06/11/2025 14:51:46,88] - Criar pasta "C:\GestorArquivos\Backups" - Já existia 
[06/11/2025 14:51:46,92] - Criar relatorio.txt - Sucesso 
[06/11/2025 14:51:46,95] - Criar dados.csv - Sucesso 
[06/11/2025 14:51:46,99] - Criar config.ini - Sucesso 
[06/11/2025 14:51:47,08] - Backup de arquivos - Sucesso 
[06/11/2025 14:51:47,11] - Criar backup_completo.bak - Sucesso 
[06/11/2025 14:51:47,16] - Criar resumo_execucao.txt - Sucesso 
[06/11/2025 14:52:11,82] - Início do script - Sucesso 
[06/11/2025 14:52:11,93] - Criar pasta "C:\GestorArquivos" - Já existia 
[06/11/2025 14:52:11,99] - Criar pasta "C:\GestorArquivos\Documentos" - Já existia 
[06/11/2025 14:52:12,02] - Criar pasta "C:\GestorArquivos\Logs" - Já existia 
[06/11/2025 14:52:12,06] - Criar pasta "C:\GestorArquivos\Backups" - Já existia 
[06/11/2025 14:52:12,10] - Criar relatorio.txt - Sucesso 
[06/11/2025 14:52:12,14] - Criar dados.csv - Sucesso 
[06/11/2025 14:52:12,18] - Criar config.ini - Sucesso 
[06/11/2025 14:52:12,27] - Backup de arquivos - Sucesso 
[06/11/2025 14:52:12,30] - Criar backup_completo.bak - Sucesso 
[06/11/2025 14:52:12,34] - Criar resumo_execucao.txt - Sucesso 
[06/11/2025 14:56:04,30] - Início do script - Sucesso 
[06/11/2025 14:56:04,32] - Criar pasta "C:\GestorArquivos" - Já existia 
[06/11/2025 14:56:04,38] - Criar pasta "C:\GestorArquivos\Documentos" - Já existia 
[06/11/2025 14:56:04,42] - Criar pasta "C:\GestorArquivos\Logs" - Já existia 
[06/11/2025 14:56:04,46] - Criar pasta "C:\GestorArquivos\Backups" - Já existia 
[06/11/2025 14:56:04,51] - Criar relatorio.txt - Sucesso 
[06/11/2025 14:56:04,55] - Criar dados.csv - Sucesso 
[06/11/2025 14:56:04,59] - Criar config.ini - Sucesso 
[06/11/2025 14:56:04,73] - Backup de arquivos - Sucesso 
[06/11/2025 14:56:04,77] - Criar backup_completo.bak - Sucesso 
[06/11/2025 14:56:04,81] - Criar resumo_execucao.txt - Sucesso 
[06/11/2025 15:00:00,53] - Início do script - Sucesso 
[06/11/2025 15:00:00,56] - Criar pasta "C:\GestorArquivos" - Já existia 
[06/11/2025 15:00:00,63] - Criar pasta "C:\GestorArquivos\Documentos" - Já existia 
[06/11/2025 15:00:00,66] - Criar pasta "C:\GestorArquivos\Logs" - Já existia 
[06/11/2025 15:00:00,70] - Criar pasta "C:\GestorArquivos\Backups" - Já existia 
[06/11/2025 15:00:00,77] - Criar relatorio.txt - Sucesso 
[06/11/2025 15:00:00,81] - Criar dados.csv - Sucesso 
[06/11/2025 15:00:00,85] - Criar config.ini - Sucesso 
[06/11/2025 15:00:00,96] - Backup de arquivos - Sucesso 
[06/11/2025 15:00:00,97] - Criar backup_completo.bak - Sucesso 
[06/11/2025 15:00:01,03] - Criar resumo_execucao.txt - Sucesso 
[06/11/2025 19:35:30,02] - Início do script - Sucesso 
[06/11/2025 19:35:30,08] - Criar pasta "C:\GestorArquivos" - Já existia 
[06/11/2025 19:35:30,12] - Criar pasta "C:\GestorArquivos\Documentos" - Já existia 
[06/11/2025 19:35:30,15] - Criar pasta "C:\GestorArquivos\Logs" - Já existia 
[06/11/2025 19:35:30,19] - Criar pasta "C:\GestorArquivos\Backups" - Já existia 
[06/11/2025 19:35:30,23] - Criar relatorio.txt - Sucesso 
[06/11/2025 19:35:30,26] - Criar dados.csv - Sucesso 
[06/11/2025 19:35:30,31] - Criar config.ini - Sucesso 
[06/11/2025 19:35:30,45] - Backup de arquivos - Sucesso 
[06/11/2025 19:35:30,46] - Criar backup_completo.bak - Sucesso 
[06/11/2025 19:35:30,51] - Criar resumo_execucao.txt - Sucesso 
[06/11/2025 19:35:56,97] - Início do script - Sucesso 
[06/11/2025 19:35:56,98] - Criar pasta "C:\GestorArquivos" - Já existia 
[06/11/2025 19:35:57,02] - Criar pasta "C:\GestorArquivos\Documentos" - Já existia 
[06/11/2025 19:35:57,07] - Criar pasta "C:\GestorArquivos\Logs" - Já existia 
[06/11/2025 19:35:57,10] - Criar pasta "C:\GestorArquivos\Backups" - Já existia 
[06/11/2025 19:35:57,15] - Criar relatorio.txt - Sucesso 
[06/11/2025 19:35:57,20] - Criar dados.csv - Sucesso 
[06/11/2025 19:35:57,23] - Criar config.ini - Sucesso 
[06/11/2025 19:35:57,32] - Backup de arquivos - Sucesso 
[06/11/2025 19:35:57,35] - Criar backup_completo.bak - Sucesso 
[06/11/2025 19:35:57,38] - Criar resumo_execucao.txt - Sucesso 
[06/11/2025 19:41:30,82] - Início do script - Sucesso 
[06/11/2025 19:41:30,88] - Criar pasta "C:\GestorArquivos" - Já existia 
[06/11/2025 19:41:30,93] - Criar pasta "C:\GestorArquivos\Documentos" - Já existia 
[06/11/2025 19:41:30,97] - Criar pasta "C:\GestorArquivos\Logs" - Já existia 
[06/11/2025 19:41:31,02] - Criar pasta "C:\GestorArquivos\Backups" - Já existia 
[06/11/2025 19:41:31,07] - Criar relatorio.txt - Sucesso 
[06/11/2025 19:41:31,10] - Criar dados.csv - Sucesso 
[06/11/2025 19:41:31,15] - Criar config.ini - Sucesso 
[06/11/2025 19:41:31,25] - Backup de arquivos - Sucesso 
[06/11/2025 19:41:31,28] - Criar backup_completo.bak - Sucesso 
[06/11/2025 19:41:31,33] - Criar resumo_execucao.txt - Sucesso 
[06/11/2025 19:56:08,53]  -  
